{"contracts/MediaGallery.sol":{"l":{"53":7,"57":6,"62":1,"67":1,"87":6,"88":5,"89":4,"90":3,"92":2,"101":2,"103":2,"104":2,"105":2,"106":2,"107":2,"108":2,"109":2,"110":2,"111":2,"114":2,"117":2,"127":2,"137":2,"139":1,"141":1,"143":1,"144":1,"145":1,"147":1,"156":6,"157":6,"158":6,"159":1,"162":5,"171":5,"172":5,"173":5,"174":1,"177":4,"186":4,"187":4,"188":4,"189":1,"192":3,"201":3,"202":3,"203":3,"204":1,"207":2},"path":"/Users/grahamjackson/Projects/media_gallery/contracts/MediaGallery.sol","s":{"1":7,"2":1,"3":1,"4":6,"5":5,"6":4,"7":3,"8":2,"9":2,"10":2,"11":2,"12":2,"13":2,"14":2,"15":2,"16":2,"17":2,"18":2,"19":2,"20":1,"21":1,"22":1,"23":1,"24":1,"25":6,"26":6,"27":6,"28":1,"29":5,"30":5,"31":5,"32":5,"33":1,"34":4,"35":4,"36":4,"37":4,"38":1,"39":3,"40":3,"41":3,"42":3,"43":1,"44":2},"b":{"1":[6,1],"2":[5,1],"3":[4,1],"4":[3,1],"5":[2,1],"6":[1,1],"7":[1,5],"8":[1,4],"9":[1,3],"10":[1,2]},"f":{"1":7,"2":1,"3":1,"4":6,"5":2,"6":6,"7":5,"8":4,"9":3},"fnMap":{"1":{"name":"stoppedInEmergency","line":52,"loc":{"start":{"line":52,"column":4},"end":{"line":52,"column":29}}},"2":{"name":"stopContract","line":61,"loc":{"start":{"line":61,"column":4},"end":{"line":61,"column":42}}},"3":{"name":"resumeContract","line":66,"loc":{"start":{"line":66,"column":4},"end":{"line":66,"column":44}}},"4":{"name":"addMedia","line":79,"loc":{"start":{"line":79,"column":4},"end":{"line":86,"column":38}}},"5":{"name":"getMediaByAddress","line":135,"loc":{"start":{"line":135,"column":4},"end":{"line":135,"column":72}}},"6":{"name":"validateName","line":155,"loc":{"start":{"line":155,"column":4},"end":{"line":155,"column":64}}},"7":{"name":"validateDesc","line":170,"loc":{"start":{"line":170,"column":4},"end":{"line":170,"column":71}}},"8":{"name":"validateTags","line":185,"loc":{"start":{"line":185,"column":4},"end":{"line":185,"column":64}}},"9":{"name":"validateHashLength","line":200,"loc":{"start":{"line":200,"column":4},"end":{"line":200,"column":70}}}},"statementMap":{"1":{"start":{"line":53,"column":8},"end":{"line":53,"column":2693}},"2":{"start":{"line":62,"column":8},"end":{"line":62,"column":23}},"3":{"start":{"line":67,"column":8},"end":{"line":67,"column":24}},"4":{"start":{"line":87,"column":8},"end":{"line":87,"column":58}},"5":{"start":{"line":88,"column":8},"end":{"line":88,"column":72}},"6":{"start":{"line":89,"column":8},"end":{"line":89,"column":58}},"7":{"start":{"line":90,"column":8},"end":{"line":90,"column":69}},"8":{"start":{"line":101,"column":8},"end":{"line":101,"column":34}},"9":{"start":{"line":103,"column":8},"end":{"line":103,"column":37}},"10":{"start":{"line":104,"column":8},"end":{"line":104,"column":32}},"11":{"start":{"line":105,"column":8},"end":{"line":105,"column":46}},"12":{"start":{"line":106,"column":8},"end":{"line":106,"column":39}},"13":{"start":{"line":107,"column":8},"end":{"line":107,"column":37}},"14":{"start":{"line":108,"column":8},"end":{"line":108,"column":42}},"15":{"start":{"line":109,"column":8},"end":{"line":109,"column":32}},"16":{"start":{"line":110,"column":8},"end":{"line":110,"column":42}},"17":{"start":{"line":111,"column":8},"end":{"line":111,"column":42}},"18":{"start":{"line":117,"column":8},"end":{"line":117,"column":5020}},"19":{"start":{"line":137,"column":8},"end":{"line":137,"column":79}},"20":{"start":{"line":139,"column":8},"end":{"line":139,"column":76}},"21":{"start":{"line":141,"column":8},"end":{"line":141,"column":35}},"22":{"start":{"line":143,"column":8},"end":{"line":143,"column":5877}},"23":{"start":{"line":144,"column":12},"end":{"line":144,"column":74}},"24":{"start":{"line":147,"column":8},"end":{"line":147,"column":28}},"25":{"start":{"line":156,"column":8},"end":{"line":156,"column":44}},"26":{"start":{"line":157,"column":8},"end":{"line":157,"column":42}},"27":{"start":{"line":158,"column":8},"end":{"line":158,"column":6425}},"28":{"start":{"line":159,"column":12},"end":{"line":159,"column":24}},"29":{"start":{"line":162,"column":8},"end":{"line":162,"column":19}},"30":{"start":{"line":171,"column":8},"end":{"line":171,"column":51}},"31":{"start":{"line":172,"column":8},"end":{"line":172,"column":42}},"32":{"start":{"line":173,"column":8},"end":{"line":173,"column":6896}},"33":{"start":{"line":174,"column":12},"end":{"line":174,"column":24}},"34":{"start":{"line":177,"column":8},"end":{"line":177,"column":19}},"35":{"start":{"line":186,"column":8},"end":{"line":186,"column":44}},"36":{"start":{"line":187,"column":8},"end":{"line":187,"column":41}},"37":{"start":{"line":188,"column":8},"end":{"line":188,"column":7331}},"38":{"start":{"line":189,"column":12},"end":{"line":189,"column":24}},"39":{"start":{"line":192,"column":8},"end":{"line":192,"column":19}},"40":{"start":{"line":201,"column":8},"end":{"line":201,"column":44}},"41":{"start":{"line":202,"column":8},"end":{"line":202,"column":41}},"42":{"start":{"line":203,"column":8},"end":{"line":203,"column":7776}},"43":{"start":{"line":204,"column":12},"end":{"line":204,"column":24}},"44":{"start":{"line":207,"column":8},"end":{"line":207,"column":19}}},"branchMap":{"1":{"line":53,"type":"if","locations":[{"start":{"line":53,"column":8},"end":{"line":53,"column":8}},{"start":{"line":53,"column":8},"end":{"line":53,"column":8}}]},"2":{"line":87,"type":"if","locations":[{"start":{"line":87,"column":8},"end":{"line":87,"column":8}},{"start":{"line":87,"column":8},"end":{"line":87,"column":8}}]},"3":{"line":88,"type":"if","locations":[{"start":{"line":88,"column":8},"end":{"line":88,"column":8}},{"start":{"line":88,"column":8},"end":{"line":88,"column":8}}]},"4":{"line":89,"type":"if","locations":[{"start":{"line":89,"column":8},"end":{"line":89,"column":8}},{"start":{"line":89,"column":8},"end":{"line":89,"column":8}}]},"5":{"line":90,"type":"if","locations":[{"start":{"line":90,"column":8},"end":{"line":90,"column":8}},{"start":{"line":90,"column":8},"end":{"line":90,"column":8}}]},"6":{"line":137,"type":"if","locations":[{"start":{"line":137,"column":8},"end":{"line":137,"column":8}},{"start":{"line":137,"column":8},"end":{"line":137,"column":8}}]},"7":{"line":158,"type":"if","locations":[{"start":{"line":158,"column":8},"end":{"line":158,"column":8}},{"start":{"line":158,"column":8},"end":{"line":158,"column":8}}]},"8":{"line":173,"type":"if","locations":[{"start":{"line":173,"column":8},"end":{"line":173,"column":8}},{"start":{"line":173,"column":8},"end":{"line":173,"column":8}}]},"9":{"line":188,"type":"if","locations":[{"start":{"line":188,"column":8},"end":{"line":188,"column":8}},{"start":{"line":188,"column":8},"end":{"line":188,"column":8}}]},"10":{"line":203,"type":"if","locations":[{"start":{"line":203,"column":8},"end":{"line":203,"column":8}},{"start":{"line":203,"column":8},"end":{"line":203,"column":8}}]}}}}