{"contracts/MediaGallery.sol":{"l":{"53":7,"57":6,"62":1,"67":1,"87":6,"88":5,"89":4,"90":3,"92":2,"101":2,"103":2,"104":2,"105":2,"106":2,"107":2,"108":2,"109":2,"110":2,"111":2,"114":2,"117":2,"127":2,"137":2,"139":1,"148":6,"149":6,"150":6,"151":1,"154":5,"163":5,"164":5,"165":5,"166":1,"169":4,"178":4,"179":4,"180":4,"181":1,"184":3,"193":3,"194":3,"195":3,"196":1,"199":2},"path":"/Users/grahamjackson/Projects/media_gallery/contracts/MediaGallery.sol","s":{"1":7,"2":1,"3":1,"4":6,"5":5,"6":4,"7":3,"8":2,"9":2,"10":2,"11":2,"12":2,"13":2,"14":2,"15":2,"16":2,"17":2,"18":2,"19":2,"20":1,"21":6,"22":6,"23":6,"24":1,"25":5,"26":5,"27":5,"28":5,"29":1,"30":4,"31":4,"32":4,"33":4,"34":1,"35":3,"36":3,"37":3,"38":3,"39":1,"40":2},"b":{"1":[6,1],"2":[5,1],"3":[4,1],"4":[3,1],"5":[2,1],"6":[1,1],"7":[1,5],"8":[1,4],"9":[1,3],"10":[1,2]},"f":{"1":7,"2":1,"3":1,"4":6,"5":2,"6":6,"7":5,"8":4,"9":3},"fnMap":{"1":{"name":"stoppedInEmergency","line":52,"loc":{"start":{"line":52,"column":4},"end":{"line":52,"column":29}}},"2":{"name":"stopContract","line":61,"loc":{"start":{"line":61,"column":4},"end":{"line":61,"column":42}}},"3":{"name":"resumeContract","line":66,"loc":{"start":{"line":66,"column":4},"end":{"line":66,"column":44}}},"4":{"name":"addMedia","line":79,"loc":{"start":{"line":79,"column":4},"end":{"line":86,"column":38}}},"5":{"name":"getNumberMediaByAddress","line":135,"loc":{"start":{"line":135,"column":4},"end":{"line":135,"column":76}}},"6":{"name":"validateName","line":147,"loc":{"start":{"line":147,"column":4},"end":{"line":147,"column":64}}},"7":{"name":"validateDesc","line":162,"loc":{"start":{"line":162,"column":4},"end":{"line":162,"column":71}}},"8":{"name":"validateTags","line":177,"loc":{"start":{"line":177,"column":4},"end":{"line":177,"column":64}}},"9":{"name":"validateHashLength","line":192,"loc":{"start":{"line":192,"column":4},"end":{"line":192,"column":70}}}},"statementMap":{"1":{"start":{"line":53,"column":8},"end":{"line":53,"column":2692}},"2":{"start":{"line":62,"column":8},"end":{"line":62,"column":23}},"3":{"start":{"line":67,"column":8},"end":{"line":67,"column":24}},"4":{"start":{"line":87,"column":8},"end":{"line":87,"column":58}},"5":{"start":{"line":88,"column":8},"end":{"line":88,"column":72}},"6":{"start":{"line":89,"column":8},"end":{"line":89,"column":58}},"7":{"start":{"line":90,"column":8},"end":{"line":90,"column":69}},"8":{"start":{"line":101,"column":8},"end":{"line":101,"column":34}},"9":{"start":{"line":103,"column":8},"end":{"line":103,"column":37}},"10":{"start":{"line":104,"column":8},"end":{"line":104,"column":32}},"11":{"start":{"line":105,"column":8},"end":{"line":105,"column":46}},"12":{"start":{"line":106,"column":8},"end":{"line":106,"column":39}},"13":{"start":{"line":107,"column":8},"end":{"line":107,"column":37}},"14":{"start":{"line":108,"column":8},"end":{"line":108,"column":42}},"15":{"start":{"line":109,"column":8},"end":{"line":109,"column":32}},"16":{"start":{"line":110,"column":8},"end":{"line":110,"column":42}},"17":{"start":{"line":111,"column":8},"end":{"line":111,"column":42}},"18":{"start":{"line":117,"column":8},"end":{"line":117,"column":5019}},"19":{"start":{"line":137,"column":8},"end":{"line":137,"column":79}},"20":{"start":{"line":139,"column":8},"end":{"line":139,"column":42}},"21":{"start":{"line":148,"column":8},"end":{"line":148,"column":44}},"22":{"start":{"line":149,"column":8},"end":{"line":149,"column":42}},"23":{"start":{"line":150,"column":8},"end":{"line":150,"column":6136}},"24":{"start":{"line":151,"column":12},"end":{"line":151,"column":24}},"25":{"start":{"line":154,"column":8},"end":{"line":154,"column":19}},"26":{"start":{"line":163,"column":8},"end":{"line":163,"column":51}},"27":{"start":{"line":164,"column":8},"end":{"line":164,"column":42}},"28":{"start":{"line":165,"column":8},"end":{"line":165,"column":6607}},"29":{"start":{"line":166,"column":12},"end":{"line":166,"column":24}},"30":{"start":{"line":169,"column":8},"end":{"line":169,"column":19}},"31":{"start":{"line":178,"column":8},"end":{"line":178,"column":44}},"32":{"start":{"line":179,"column":8},"end":{"line":179,"column":41}},"33":{"start":{"line":180,"column":8},"end":{"line":180,"column":7042}},"34":{"start":{"line":181,"column":12},"end":{"line":181,"column":24}},"35":{"start":{"line":184,"column":8},"end":{"line":184,"column":19}},"36":{"start":{"line":193,"column":8},"end":{"line":193,"column":44}},"37":{"start":{"line":194,"column":8},"end":{"line":194,"column":41}},"38":{"start":{"line":195,"column":8},"end":{"line":195,"column":7487}},"39":{"start":{"line":196,"column":12},"end":{"line":196,"column":24}},"40":{"start":{"line":199,"column":8},"end":{"line":199,"column":19}}},"branchMap":{"1":{"line":53,"type":"if","locations":[{"start":{"line":53,"column":8},"end":{"line":53,"column":8}},{"start":{"line":53,"column":8},"end":{"line":53,"column":8}}]},"2":{"line":87,"type":"if","locations":[{"start":{"line":87,"column":8},"end":{"line":87,"column":8}},{"start":{"line":87,"column":8},"end":{"line":87,"column":8}}]},"3":{"line":88,"type":"if","locations":[{"start":{"line":88,"column":8},"end":{"line":88,"column":8}},{"start":{"line":88,"column":8},"end":{"line":88,"column":8}}]},"4":{"line":89,"type":"if","locations":[{"start":{"line":89,"column":8},"end":{"line":89,"column":8}},{"start":{"line":89,"column":8},"end":{"line":89,"column":8}}]},"5":{"line":90,"type":"if","locations":[{"start":{"line":90,"column":8},"end":{"line":90,"column":8}},{"start":{"line":90,"column":8},"end":{"line":90,"column":8}}]},"6":{"line":137,"type":"if","locations":[{"start":{"line":137,"column":8},"end":{"line":137,"column":8}},{"start":{"line":137,"column":8},"end":{"line":137,"column":8}}]},"7":{"line":150,"type":"if","locations":[{"start":{"line":150,"column":8},"end":{"line":150,"column":8}},{"start":{"line":150,"column":8},"end":{"line":150,"column":8}}]},"8":{"line":165,"type":"if","locations":[{"start":{"line":165,"column":8},"end":{"line":165,"column":8}},{"start":{"line":165,"column":8},"end":{"line":165,"column":8}}]},"9":{"line":180,"type":"if","locations":[{"start":{"line":180,"column":8},"end":{"line":180,"column":8}},{"start":{"line":180,"column":8},"end":{"line":180,"column":8}}]},"10":{"line":195,"type":"if","locations":[{"start":{"line":195,"column":8},"end":{"line":195,"column":8}},{"start":{"line":195,"column":8},"end":{"line":195,"column":8}}]}}}}