TN:
SF:/Users/grahamjackson/Projects/media_gallery/contracts/MediaGallery.sol
FN:52,stoppedInEmergency
FN:61,stopContract
FN:66,resumeContract
FN:79,addMedia
FN:135,getMediaByAddress
FN:155,validateName
FN:170,validateDesc
FN:185,validateTags
FN:200,validateHashLength
FNF:9
FNH:9
FNDA:7,stoppedInEmergency
FNDA:1,stopContract
FNDA:1,resumeContract
FNDA:6,addMedia
FNDA:2,getMediaByAddress
FNDA:6,validateName
FNDA:5,validateDesc
FNDA:4,validateTags
FNDA:3,validateHashLength
DA:53,7
DA:57,6
DA:62,1
DA:67,1
DA:87,6
DA:88,5
DA:89,4
DA:90,3
DA:92,2
DA:101,2
DA:103,2
DA:104,2
DA:105,2
DA:106,2
DA:107,2
DA:108,2
DA:109,2
DA:110,2
DA:111,2
DA:114,2
DA:117,2
DA:127,2
DA:137,2
DA:139,1
DA:141,1
DA:143,1
DA:144,1
DA:145,1
DA:147,1
DA:156,6
DA:157,6
DA:158,6
DA:159,1
DA:162,5
DA:171,5
DA:172,5
DA:173,5
DA:174,1
DA:177,4
DA:186,4
DA:187,4
DA:188,4
DA:189,1
DA:192,3
DA:201,3
DA:202,3
DA:203,3
DA:204,1
DA:207,2
LF:49
LH:49
BRDA:53,1,0,6
BRDA:53,1,1,1
BRDA:87,2,0,5
BRDA:87,2,1,1
BRDA:88,3,0,4
BRDA:88,3,1,1
BRDA:89,4,0,3
BRDA:89,4,1,1
BRDA:90,5,0,2
BRDA:90,5,1,1
BRDA:137,6,0,1
BRDA:137,6,1,1
BRDA:158,7,0,1
BRDA:158,7,1,5
BRDA:173,8,0,1
BRDA:173,8,1,4
BRDA:188,9,0,1
BRDA:188,9,1,3
BRDA:203,10,0,1
BRDA:203,10,1,2
BRF:20
BRH:20
end_of_record
