TN:
SF:/Users/grahamjackson/Projects/media_gallery/contracts/MediaGallery.sol
FN:52,stoppedInEmergency
FN:61,stopContract
FN:66,resumeContract
FN:79,addMedia
FN:135,getNumberMediaByAddress
FN:147,validateName
FN:162,validateDesc
FN:177,validateTags
FN:192,validateHashLength
FNF:9
FNH:9
FNDA:7,stoppedInEmergency
FNDA:1,stopContract
FNDA:1,resumeContract
FNDA:6,addMedia
FNDA:2,getNumberMediaByAddress
FNDA:6,validateName
FNDA:5,validateDesc
FNDA:4,validateTags
FNDA:3,validateHashLength
DA:53,7
DA:57,6
DA:62,1
DA:67,1
DA:87,6
DA:88,5
DA:89,4
DA:90,3
DA:92,2
DA:101,2
DA:103,2
DA:104,2
DA:105,2
DA:106,2
DA:107,2
DA:108,2
DA:109,2
DA:110,2
DA:111,2
DA:114,2
DA:117,2
DA:127,2
DA:137,2
DA:139,1
DA:148,6
DA:149,6
DA:150,6
DA:151,1
DA:154,5
DA:163,5
DA:164,5
DA:165,5
DA:166,1
DA:169,4
DA:178,4
DA:179,4
DA:180,4
DA:181,1
DA:184,3
DA:193,3
DA:194,3
DA:195,3
DA:196,1
DA:199,2
LF:44
LH:44
BRDA:53,1,0,6
BRDA:53,1,1,1
BRDA:87,2,0,5
BRDA:87,2,1,1
BRDA:88,3,0,4
BRDA:88,3,1,1
BRDA:89,4,0,3
BRDA:89,4,1,1
BRDA:90,5,0,2
BRDA:90,5,1,1
BRDA:137,6,0,1
BRDA:137,6,1,1
BRDA:150,7,0,1
BRDA:150,7,1,5
BRDA:165,8,0,1
BRDA:165,8,1,4
BRDA:180,9,0,1
BRDA:180,9,1,3
BRDA:195,10,0,1
BRDA:195,10,1,2
BRF:20
BRH:20
end_of_record
